1604605091149	mozrunner::runner	INFO	Running command: "/usr/bin/firefox" "-marionette" "-foreground" "-no-remote" "-profile" "/tmp/rust_mozprofileKRIqaK"
console.warn: SearchSettings: "get: No settings file exists, new profile?" (new Error("", "(unknown module)"))
1604605094631	Marionette	INFO	Listening on port 41357
1604605095779	Marionette	WARN	TLS certificate errors will be ignored for this session
JavaScript error: https://cdn.livechatinc.com/tracking.js, line 9: Error: Livechat is turned off for this URL
1604605207673	Marionette	INFO	Stopped listening on port 41357
1604605648558	mozrunner::runner	INFO	Running command: "/usr/bin/firefox" "-marionette" "-foreground" "-no-remote" "-profile" "/tmp/rust_mozprofile4JCszd"
console.warn: SearchSettings: "get: No settings file exists, new profile?" (new Error("", "(unknown module)"))
1604605651511	Marionette	INFO	Listening on port 34391
1604605651641	Marionette	WARN	TLS certificate errors will be ignored for this session
JavaScript error: https://cdn.livechatinc.com/tracking.js, line 9: Error: Livechat is turned off for this URL
1604605710353	Marionette	INFO	Stopped listening on port 34391
1604605971241	mozrunner::runner	INFO	Running command: "/usr/bin/firefox" "-marionette" "-foreground" "-no-remote" "-profile" "/tmp/rust_mozprofilemWEyJf"
console.warn: SearchSettings: "get: No settings file exists, new profile?" (new Error("", "(unknown module)"))
1604605975306	Marionette	INFO	Listening on port 35857
1604605975386	Marionette	WARN	TLS certificate errors will be ignored for this session
JavaScript error: https://cdn.livechatinc.com/tracking.js, line 9: Error: Livechat is turned off for this URL
1604606044188	mozrunner::runner	INFO	Running command: "/usr/bin/firefox" "-marionette" "-foreground" "-no-remote" "-profile" "/tmp/rust_mozprofileftw2LO"
console.warn: SearchSettings: "get: No settings file exists, new profile?" (new Error("", "(unknown module)"))
1604606048396	Marionette	INFO	Listening on port 37283
1604606048433	Marionette	WARN	TLS certificate errors will be ignored for this session
1604606056574	Marionette	INFO	Stopped listening on port 35857
JavaScript error: https://cdn.livechatinc.com/tracking.js, line 9: Error: Livechat is turned off for this URL
1604606079525	Marionette	INFO	Stopped listening on port 37283
1604606083527	mozrunner::runner	INFO	Running command: "/usr/bin/firefox" "-marionette" "-foreground" "-no-remote" "-profile" "/tmp/rust_mozprofilerzCR4b"
console.warn: SearchSettings: "get: No settings file exists, new profile?" (new Error("", "(unknown module)"))
1604606086725	Marionette	INFO	Listening on port 37061
1604606086789	Marionette	WARN	TLS certificate errors will be ignored for this session
JavaScript error: https://cdn.livechatinc.com/tracking.js, line 9: Error: Livechat is turned off for this URL
1604606100588	Marionette	INFO	Stopped listening on port 37061
1604606472488	mozrunner::runner	INFO	Running command: "/usr/bin/firefox" "-marionette" "-foreground" "-no-remote" "-profile" "/tmp/rust_mozprofilewRYxyS"
console.warn: SearchSettings: "get: No settings file exists, new profile?" (new Error("", "(unknown module)"))
1604606475185	Marionette	INFO	Listening on port 35541
1604606475270	Marionette	WARN	TLS certificate errors will be ignored for this session
JavaScript error: https://cdn.livechatinc.com/tracking.js, line 9: Error: Livechat is turned off for this URL
1604606518021	mozrunner::runner	INFO	Running command: "/usr/bin/firefox" "-marionette" "-foreground" "-no-remote" "-profile" "/tmp/rust_mozprofileEYzPWP"
console.warn: SearchSettings: "get: No settings file exists, new profile?" (new Error("", "(unknown module)"))
JavaScript error: resource:///modules/UrlbarInput.jsm, line 2726: TypeError: event.target.closest is not a function
1604606521240	Marionette	INFO	Listening on port 41933
1604606521367	Marionette	WARN	TLS certificate errors will be ignored for this session
JavaScript error: resource://gre/modules/URIFixup.jsm, line 271: NS_ERROR_FAILURE: Should pass a non-null uri
JavaScript error: resource://activity-stream/lib/ActivityStreamPrefs.jsm, line 27: NS_ERROR_ILLEGAL_VALUE: Component returned failure code: 0x80070057 (NS_ERROR_ILLEGAL_VALUE) [nsIPrefBranch.removeObserver]
console.error: "Could not load engine wikipedia@search.mozilla.org: Error: Data is not ready."
console.error: "Could not load engine bing@search.mozilla.org: TypeError: AddonManagerInternal._getProviderByName(...) is undefined"
console.error: "Could not load engine amazon@search.mozilla.org: TypeError: AddonManagerInternal._getProviderByName(...) is undefined"
console.error: "Could not load engine ddg@search.mozilla.org: TypeError: AddonManagerInternal._getProviderByName(...) is undefined"
console.error: "Could not load engine ebay@search.mozilla.org: TypeError: AddonManagerInternal._getProviderByName(...) is undefined"
console.error: "Could not load engine qwant@search.mozilla.org: TypeError: AddonManagerInternal._getProviderByName(...) is undefined"
console.warn: SearchService: "_init: abandoning init due to shutting down"
console.error: (new Error("Connection closed before committing the transaction.", "resource://gre/modules/Sqlite.jsm", 688))
JavaScript error: resource://gre/modules/AsyncShutdown.jsm, line 554: uncaught exception: 2147500036
JavaScript error: resource://gre/modules/AsyncShutdown.jsm, line 554: uncaught exception: 2147500036
JavaScript error: resource://gre/modules/AsyncShutdown.jsm, line 554: uncaught exception: 2147500036
JavaScript error: resource://gre/modules/AsyncShutdown.jsm, line 554: uncaught exception: 2147500036
JavaScript error: resource://gre/modules/AsyncShutdown.jsm, line 554: uncaught exception: 2147500036
JavaScript error: resource://gre/modules/AsyncShutdown.jsm, line 554: uncaught exception: 2147500036

###!!! [Parent][DispatchAsyncMessage] Error: PBackgroundIDBFactory::Msg_PBackgroundIDBFactoryRequestConstructor Value error: message was deserialized, but contained an illegal value

JavaScript error: , line 0: AbortError: A request was aborted, for example through a call to IDBTransaction.abort.
1604606522810	Marionette	INFO	Stopped listening on port 41933
IPDL protocol error: Handler returned error code!

###!!! [Parent][DispatchAsyncMessage] Error: PLayerTransaction::Msg_ReleaseLayer Processing error: message was deserialized, but the handler returned false (indicating failure)

1604606523787	Marionette	INFO	Stopped listening on port 35541
1604606527717	mozrunner::runner	INFO	Running command: "/usr/bin/firefox" "-marionette" "-foreground" "-no-remote" "-profile" "/tmp/rust_mozprofile84d6XT"
console.warn: SearchSettings: "get: No settings file exists, new profile?" (new Error("", "(unknown module)"))
1604606531172	Marionette	INFO	Listening on port 33377
1604606531283	Marionette	WARN	TLS certificate errors will be ignored for this session
JavaScript error: resource:///modules/EveryWindow.jsm, line 37: NS_ERROR_UNEXPECTED: Component returned failure code: 0x8000ffff (NS_ERROR_UNEXPECTED) [nsIWindowMediator.getEnumerator]
JavaScript error: https://cdn.livechatinc.com/tracking.js, line 9: Error: Livechat is turned off for this URL
1604606568419	mozrunner::runner	INFO	Running command: "/usr/bin/firefox" "-marionette" "-foreground" "-no-remote" "-profile" "/tmp/rust_mozprofile1K4EFp"
console.warn: SearchSettings: "get: No settings file exists, new profile?" (new Error("", "(unknown module)"))
1604606574171	Marionette	INFO	Listening on port 38875
1604606574296	Marionette	WARN	TLS certificate errors will be ignored for this session
JavaScript error: resource://gre/modules/osfile/osfile_async_front.jsm, line 426: Error: OS.File has been shut down. Rejecting post to stat
ExceptionHandler::GenerateDump cloned child 12910
ExceptionHandler::SendContinueSignalToChild sent continue signal to child
ExceptionHandler::WaitForContinueSignal waiting for continue signal...
JavaScript error: https://cdn.livechatinc.com/tracking.js, line 9: Error: Livechat is turned off for this URL
1604606737873	Marionette	INFO	Stopped listening on port 38875
1604606796708	mozrunner::runner	INFO	Running command: "/usr/bin/firefox" "-marionette" "-headless" "-foreground" "-no-remote" "-profile" "/tmp/rust_mozprofileFavbL4"
*** You are running in headless mode.
console.warn: SearchSettings: "get: No settings file exists, new profile?" (new Error("", "(unknown module)"))
1604606799488	Marionette	INFO	Listening on port 39667
1604606799600	Marionette	WARN	TLS certificate errors will be ignored for this session
JavaScript error: https://cdn.livechatinc.com/tracking.js, line 9: Error: Livechat is turned off for this URL
1604606833564	Marionette	INFO	Stopped listening on port 33377
[GFX1-]: Receive IPC close with reason=AbnormalShutdown
Exiting due to channel error.
Exiting due to channel error.
Exiting due to channel error.
1604606864020	mozrunner::runner	INFO	Running command: "/usr/bin/firefox" "-marionette" "-foreground" "-no-remote" "-profile" "/tmp/rust_mozprofileT0ZCTz"
console.warn: SearchSettings: "get: No settings file exists, new profile?" (new Error("", "(unknown module)"))
1604606866936	Marionette	INFO	Listening on port 42051
1604606867103	Marionette	WARN	TLS certificate errors will be ignored for this session
JavaScript error: https://cdn.livechatinc.com/tracking.js, line 9: Error: Livechat is turned off for this URL
Exiting due to channel error.
Exiting due to channel error.
Exiting due to channel error.
1604606970524	mozrunner::runner	INFO	Running command: "/usr/bin/firefox" "-marionette" "-foreground" "-no-remote" "-profile" "/tmp/rust_mozprofileo5zAuu"
console.warn: SearchSettings: "get: No settings file exists, new profile?" (new Error("", "(unknown module)"))
1604606973809	Marionette	INFO	Listening on port 32963
1604606973903	Marionette	WARN	TLS certificate errors will be ignored for this session
JavaScript error: https://cdn.livechatinc.com/tracking.js, line 9: Error: Livechat is turned off for this URL
1604607007764	Marionette	INFO	Stopped listening on port 32963
IPDL protocol error: Handler returned error code!

###!!! [Parent][DispatchAsyncMessage] Error: PLayerTransaction::Msg_ReleaseLayer Processing error: message was deserialized, but the handler returned false (indicating failure)

1604607073213	mozrunner::runner	INFO	Running command: "/usr/bin/firefox" "-marionette" "-headless" "-foreground" "-no-remote" "-profile" "/tmp/rust_mozprofilecb4zDi"
*** You are running in headless mode.
console.warn: SearchSettings: "get: No settings file exists, new profile?" (new Error("", "(unknown module)"))
1604607075448	Marionette	INFO	Listening on port 37817
1604607075578	Marionette	WARN	TLS certificate errors will be ignored for this session
JavaScript error: https://cdn.livechatinc.com/tracking.js, line 9: Error: Livechat is turned off for this URL
[GFX1-]: Receive IPC close with reason=AbnormalShutdown
Exiting due to channel error.

###!!! [Child][MessageChannel] Error: (msgtype=0x60034,name=PBackground::Msg_PHttpBackgroundChannelConstructor) Channel error: cannot send/recv

Exiting due to channel error.
Exiting due to channel error.
1604607122035	mozrunner::runner	INFO	Running command: "/usr/bin/firefox" "-marionette" "-headless" "-foreground" "-no-remote" "-profile" "/tmp/rust_mozprofileoOWvAP"
*** You are running in headless mode.
console.warn: SearchSettings: "get: No settings file exists, new profile?" (new Error("", "(unknown module)"))
1604607124902	Marionette	INFO	Listening on port 41547
1604607124984	Marionette	WARN	TLS certificate errors will be ignored for this session
JavaScript error: https://cdn.livechatinc.com/tracking.js, line 9: Error: Livechat is turned off for this URL
1604607157264	Marionette	INFO	Stopped listening on port 41547

###!!! [Child][RunMessage] Error: Channel closing: too late to send/recv, messages will be lost


###!!! [Child][MessageChannel] Error: (msgtype=0x380144,name=PContent::Msg_ScriptError) Channel closing: too late to send/recv, messages will be lost


###!!! [Child][MessageChannel] Error: (msgtype=0xB40006,name=PWebSocket::Msg_DeleteSelf) Channel closing: too late to send/recv, messages will be lost


###!!! [Child][RunMessage] Error: Channel closing: too late to send/recv, messages will be lost


###!!! [Child][RunMessage] Error: Channel closing: too late to send/recv, messages will be lost


###!!! [Child][RunMessage] Error: Channel closing: too late to send/recv, messages will be lost


###!!! [Child][RunMessage] Error: Channel closing: too late to send/recv, messages will be lost


###!!! [Child][RunMessage] Error: Channel closing: too late to send/recv, messages will be lost


###!!! [Child][RunMessage] Error: Channel closing: too late to send/recv, messages will be lost


###!!! [Child][RunMessage] Error: Channel closing: too late to send/recv, messages will be lost


###!!! [Child][RunMessage] Error: Channel closing: too late to send/recv, messages will be lost


###!!! [Child][RunMessage] Error: Channel closing: too late to send/recv, messages will be lost


###!!! [Child][RunMessage] Error: Channel closing: too late to send/recv, messages will be lost


###!!! [Child][RunMessage] Error: Channel closing: too late to send/recv, messages will be lost


###!!! [Child][RunMessage] Error: Channel closing: too late to send/recv, messages will be lost


###!!! [Child][RunMessage] Error: Channel closing: too late to send/recv, messages will be lost


###!!! [Child][RunMessage] Error: Channel closing: too late to send/recv, messages will be lost


###!!! [Child][RunMessage] Error: Channel closing: too late to send/recv, messages will be lost


###!!! [Child][RunMessage] Error: Channel closing: too late to send/recv, messages will be lost

1604607285388	mozrunner::runner	INFO	Running command: "/usr/bin/firefox" "-marionette" "-headless" "-foreground" "-no-remote" "-profile" "/tmp/rust_mozprofilegze2EE"
*** You are running in headless mode.
console.warn: SearchSettings: "get: No settings file exists, new profile?" (new Error("", "(unknown module)"))
1604607289837	Marionette	INFO	Listening on port 43275
1604607289983	Marionette	WARN	TLS certificate errors will be ignored for this session
JavaScript error: https://cdn.livechatinc.com/tracking.js, line 9: Error: Livechat is turned off for this URL
1604607342701	Marionette	INFO	Stopped listening on port 43275
1604607446394	mozrunner::runner	INFO	Running command: "/usr/bin/firefox" "-marionette" "-headless" "-foreground" "-no-remote" "-profile" "/tmp/rust_mozprofileujERLa"
*** You are running in headless mode.
console.warn: SearchSettings: "get: No settings file exists, new profile?" (new Error("", "(unknown module)"))
1604607450638	Marionette	INFO	Listening on port 41855
1604607450734	Marionette	WARN	TLS certificate errors will be ignored for this session
JavaScript error: https://cdn.livechatinc.com/tracking.js, line 9: Error: Livechat is turned off for this URL
1604607706555	mozrunner::runner	INFO	Running command: "/usr/bin/firefox" "-marionette" "-headless" "-foreground" "-no-remote" "-profile" "/tmp/rust_mozprofilera7ptX"
*** You are running in headless mode.
console.warn: SearchSettings: "get: No settings file exists, new profile?" (new Error("", "(unknown module)"))
Exiting due to channel error.
Exiting due to channel error.
Exiting due to channel error.
Exiting due to channel error.
Exiting due to channel error.
1604607712423	mozrunner::runner	INFO	Running command: "/usr/bin/firefox" "-marionette" "-headless" "-foreground" "-no-remote" "-profile" "/tmp/rust_mozprofile4y0ijR"
*** You are running in headless mode.
console.warn: SearchSettings: "get: No settings file exists, new profile?" (new Error("", "(unknown module)"))
1604607715236	Marionette	INFO	Listening on port 41437
1604607715541	Marionette	WARN	TLS certificate errors will be ignored for this session
JavaScript error: https://cdn.livechatinc.com/tracking.js, line 9: Error: Livechat is turned off for this URL
1604607767468	mozrunner::runner	INFO	Running command: "/usr/bin/firefox" "-marionette" "-headless" "-foreground" "-no-remote" "-profile" "/tmp/rust_mozprofileH9hs4E"
*** You are running in headless mode.
console.warn: SearchSettings: "get: No settings file exists, new profile?" (new Error("", "(unknown module)"))
1604607770298	Marionette	INFO	Listening on port 37435
1604607770409	Marionette	WARN	TLS certificate errors will be ignored for this session
Exiting due to channel error.
Exiting due to channel error.
Exiting due to channel error.
Exiting due to channel error.
Exiting due to channel error.
Exiting due to channel error.
1604607774089	mozrunner::runner	INFO	Running command: "/usr/bin/firefox" "-marionette" "-headless" "-foreground" "-no-remote" "-profile" "/tmp/rust_mozprofileNoj5w5"
*** You are running in headless mode.
console.warn: SearchSettings: "get: No settings file exists, new profile?" (new Error("", "(unknown module)"))
1604607777094	Marionette	INFO	Listening on port 44675
1604607777154	Marionette	WARN	TLS certificate errors will be ignored for this session
JavaScript error: https://cdn.livechatinc.com/tracking.js, line 9: Error: Livechat is turned off for this URL
1604607882591	mozrunner::runner	INFO	Running command: "/usr/bin/firefox" "-marionette" "-headless" "-foreground" "-no-remote" "-profile" "/tmp/rust_mozprofile0HqiTw"
*** You are running in headless mode.
console.warn: SearchSettings: "get: No settings file exists, new profile?" (new Error("", "(unknown module)"))
1604607885362	Marionette	INFO	Listening on port 34677
1604607885435	Marionette	WARN	TLS certificate errors will be ignored for this session
JavaScript error: https://cdn.livechatinc.com/tracking.js, line 9: Error: Livechat is turned off for this URL
1604608163858	mozrunner::runner	INFO	Running command: "/usr/bin/firefox" "-marionette" "-headless" "-foreground" "-no-remote" "-profile" "/tmp/rust_mozprofileRrDKRZ"
*** You are running in headless mode.
console.warn: SearchSettings: "get: No settings file exists, new profile?" (new Error("", "(unknown module)"))
1604608167750	Marionette	INFO	Listening on port 42251
1604608167818	Marionette	WARN	TLS certificate errors will be ignored for this session
JavaScript error: https://cdn.livechatinc.com/tracking.js, line 9: Error: Livechat is turned off for this URL
1604608225873	mozrunner::runner	INFO	Running command: "/usr/bin/firefox" "-marionette" "-headless" "-foreground" "-no-remote" "-profile" "/tmp/rust_mozprofileB1Qc1c"
*** You are running in headless mode.
console.warn: SearchSettings: "get: No settings file exists, new profile?" (new Error("", "(unknown module)"))
1604608231865	Marionette	INFO	Listening on port 34335
1604608232178	Marionette	WARN	TLS certificate errors will be ignored for this session
JavaScript error: https://cdn.livechatinc.com/tracking.js, line 9: Error: Livechat is turned off for this URL
1604608261214	Marionette	INFO	Stopped listening on port 34335

###!!! [Parent][RunMessage] Error: Channel closing: too late to send/recv, messages will be lost

